# JRE version: OpenJDK Runtime Environment (21.0.8) (build 21.0.8+-14196175-b1038.72)
# Java VM: OpenJDK 64-Bit Server VM (21.0.8+-14196175-b1038.72, mixed mode, tiered, compressed oops, compressed class ptrs, g1 gc, windows-amd64)
GC Precious Log:
 CardTable entry size: 512
 Card Set container configuration: InlinePtr #cards 4 size 8 Array Of Cards #cards 16 size 48 Howl #buckets 8 coarsen threshold 3686 Howl Bitmap #cards 512 size 80 coarsen threshold 460 Card regions per heap region 1 cards per card region 4096
 CPUs: 12 total, 12 available
 Memory: 16087M
 Large Page Support: Disabled
 NUMA Support: Disabled
 Compressed Oops: Enabled (Zero based)
 Heap Region Size: 2M
 Heap Min Capacity: 8M
 Heap Initial Capacity: 8M
 Heap Max Capacity: 4022M
 Pre-touch: Disabled
 Parallel Workers: 10
 Concurrent Workers: 3
 Concurrent Refinement Workers: 10
 Periodic GC: Disabled
Heap:
 garbage-first heap   total 8192K, used 1565K [0x0000000704a00000, 0x0000000800000000)
  region size 2048K, 1 young (2048K), 1 survivors (2048K)
 Metaspace       used 10136K, committed 10304K, reserved 1114112K
  class space    used 1093K, committed 1152K, reserved 1048576K
GC Heap History (9 events):
Event: 0.094 GC heap before
{Heap before GC invocations=0 (full 0):
 garbage-first heap   total 8192K, used 0K [0x0000000704a00000, 0x0000000800000000)
  region size 2048K, 1 young (2048K), 0 survivors (0K)
 Metaspace       used 6532K, committed 6656K, reserved 1114112K
  class space    used 608K, committed 704K, reserved 1048576K
}
Event: 0.097 GC heap after
{Heap after GC invocations=1 (full 0):
 garbage-first heap   total 8192K, used 800K [0x0000000704a00000, 0x0000000800000000)
  region size 2048K, 1 young (2048K), 1 survivors (2048K)
 Metaspace       used 6532K, committed 6656K, reserved 1114112K
  class space    used 608K, committed 704K, reserved 1048576K
}
Event: 0.129 GC heap before
{Heap before GC invocations=1 (full 0):
 garbage-first heap   total 8192K, used 2848K [0x0000000704a00000, 0x0000000800000000)
  region size 2048K, 2 young (4096K), 1 survivors (2048K)
 Metaspace       used 7561K, committed 7744K, reserved 1114112K
  class space    used 731K, committed 832K, reserved 1048576K
}
Event: 0.132 GC heap after
{Heap after GC invocations=2 (full 0):
 garbage-first heap   total 8192K, used 897K [0x0000000704a00000, 0x0000000800000000)
  region size 2048K, 1 young (2048K), 1 survivors (2048K)
 Metaspace       used 7561K, committed 7744K, reserved 1114112K
  class space    used 731K, committed 832K, reserved 1048576K
}
Event: 0.160 GC heap before
{Heap before GC invocations=2 (full 0):
 garbage-first heap   total 8192K, used 2945K [0x0000000704a00000, 0x0000000800000000)
  region size 2048K, 2 young (4096K), 1 survivors (2048K)
 Metaspace       used 8569K, committed 8704K, reserved 1114112K
  class space    used 865K, committed 896K, reserved 1048576K
}
Event: 0.162 GC heap after
{Heap after GC invocations=3 (full 0):
 garbage-first heap   total 8192K, used 974K [0x0000000704a00000, 0x0000000800000000)
  region size 2048K, 1 young (2048K), 1 survivors (2048K)
 Metaspace       used 8569K, committed 8704K, reserved 1114112K
  class space    used 865K, committed 896K, reserved 1048576K
}
Event: 0.191 GC heap before
{Heap before GC invocations=3 (full 0):
 garbage-first heap   total 8192K, used 3022K [0x0000000704a00000, 0x0000000800000000)
  region size 2048K, 2 young (4096K), 1 survivors (2048K)
 Metaspace       used 9588K, committed 9728K, reserved 1114112K
  class space    used 1019K, committed 1088K, reserved 1048576K
}
Event: 0.193 GC heap after
{Heap after GC invocations=4 (full 0):
 garbage-first heap   total 8192K, used 1221K [0x0000000704a00000, 0x0000000800000000)
  region size 2048K, 1 young (2048K), 1 survivors (2048K)
 Metaspace       used 9588K, committed 9728K, reserved 1114112K
  class space    used 1019K, committed 1088K, reserved 1048576K
}
Event: 0.210 GC heap before
{Heap before GC invocations=4 (full 0):
 garbage-first heap   total 8192K, used 1221K [0x0000000704a00000, 0x0000000800000000)
  region size 2048K, 2 young (4096K), 1 survivors (2048K)
 Metaspace       used 10136K, committed 10304K, reserved 1114112K
  class space    used 1093K, committed 1152K, reserved 1048576K
}

