# JRE version: OpenJDK Runtime Environment (21.0.8) (build 21.0.8+-14196175-b1038.72)
# Java VM: OpenJDK 64-Bit Server VM (21.0.8+-14196175-b1038.72, mixed mode, tiered, compressed oops, compressed class ptrs, g1 gc, windows-amd64)
GC Precious Log:
 CardTable entry size: 512
 Card Set container configuration: InlinePtr #cards 5 size 8 Array Of Cards #cards 12 size 40 Howl #buckets 4 coarsen threshold 1843 Howl Bitmap #cards 512 size 80 coarsen threshold 460 Card regions per heap region 1 cards per card region 2048
 CPUs: 12 total, 12 available
 Memory: 16087M
 Large Page Support: Disabled
 NUMA Support: Disabled
 Compressed Oops: Enabled (32-bit)
 Heap Region Size: 1M
 Heap Min Capacity: 8M
 Heap Initial Capacity: 252M
 Heap Max Capacity: 2G
 Pre-touch: Disabled
 Parallel Workers: 10
 Concurrent Workers: 3
 Concurrent Refinement Workers: 10
 Periodic GC: Disabled
Heap:
 garbage-first heap   total 111616K, used 70775K [0x0000000080000000, 0x0000000100000000)
  region size 1024K, 5 young (5120K), 5 survivors (5120K)
 Metaspace       used 73004K, committed 74944K, reserved 1114112K
  class space    used 10373K, committed 11328K, reserved 1048576K
GC Heap History (20 events):
Event: 3.726 GC heap after
{Heap after GC invocations=10 (full 0):
 garbage-first heap   total 82944K, used 27332K [0x0000000080000000, 0x0000000100000000)
  region size 1024K, 6 young (6144K), 6 survivors (6144K)
 Metaspace       used 41409K, committed 42560K, reserved 1114112K
  class space    used 5755K, committed 6336K, reserved 1048576K
}
Event: 4.213 GC heap before
{Heap before GC invocations=10 (full 0):
 garbage-first heap   total 82944K, used 69316K [0x0000000080000000, 0x0000000100000000)
  region size 1024K, 48 young (49152K), 6 survivors (6144K)
 Metaspace       used 48234K, committed 49536K, reserved 1114112K
  class space    used 6698K, committed 7360K, reserved 1048576K
}
Event: 4.219 GC heap after
{Heap after GC invocations=11 (full 0):
 garbage-first heap   total 82944K, used 30641K [0x0000000080000000, 0x0000000100000000)
  region size 1024K, 6 young (6144K), 6 survivors (6144K)
 Metaspace       used 48234K, committed 49536K, reserved 1114112K
  class space    used 6698K, committed 7360K, reserved 1048576K
}
Event: 4.637 GC heap before
{Heap before GC invocations=11 (full 0):
 garbage-first heap   total 82944K, used 71601K [0x0000000080000000, 0x0000000100000000)
  region size 1024K, 46 young (47104K), 6 survivors (6144K)
 Metaspace       used 53407K, committed 54912K, reserved 1114112K
  class space    used 7528K, committed 8256K, reserved 1048576K
}
Event: 4.643 GC heap after
{Heap after GC invocations=12 (full 0):
 garbage-first heap   total 100352K, used 34320K [0x0000000080000000, 0x0000000100000000)
  region size 1024K, 4 young (4096K), 4 survivors (4096K)
 Metaspace       used 53407K, committed 54912K, reserved 1114112K
  class space    used 7528K, committed 8256K, reserved 1048576K
}
Event: 5.123 GC heap before
{Heap before GC invocations=12 (full 0):
 garbage-first heap   total 100352K, used 89616K [0x0000000080000000, 0x0000000100000000)
  region size 1024K, 56 young (57344K), 4 survivors (4096K)
 Metaspace       used 56050K, committed 57728K, reserved 1114112K
  class space    used 7957K, committed 8768K, reserved 1048576K
}
Event: 5.127 GC heap after
{Heap after GC invocations=13 (full 0):
 garbage-first heap   total 100352K, used 40239K [0x0000000080000000, 0x0000000100000000)
  region size 1024K, 7 young (7168K), 7 survivors (7168K)
 Metaspace       used 56050K, committed 57728K, reserved 1114112K
  class space    used 7957K, committed 8768K, reserved 1048576K
}
Event: 5.381 GC heap before
{Heap before GC invocations=13 (full 0):
 garbage-first heap   total 100352K, used 60719K [0x0000000080000000, 0x0000000100000000)
  region size 1024K, 28 young (28672K), 7 survivors (7168K)
 Metaspace       used 58343K, committed 60096K, reserved 1114112K
  class space    used 8306K, committed 9152K, reserved 1048576K
}
Event: 5.385 GC heap after
{Heap after GC invocations=14 (full 0):
 garbage-first heap   total 100352K, used 41867K [0x0000000080000000, 0x0000000100000000)
  region size 1024K, 2 young (2048K), 2 survivors (2048K)
 Metaspace       used 58343K, committed 60096K, reserved 1114112K
  class space    used 8306K, committed 9152K, reserved 1048576K
}
Event: 5.947 GC heap before
{Heap before GC invocations=15 (full 0):
 garbage-first heap   total 100352K, used 88971K [0x0000000080000000, 0x0000000100000000)
  region size 1024K, 48 young (49152K), 2 survivors (2048K)
 Metaspace       used 64814K, committed 66560K, reserved 1114112K
  class space    used 9289K, committed 10112K, reserved 1048576K
}
Event: 5.951 GC heap after
{Heap after GC invocations=16 (full 0):
 garbage-first heap   total 100352K, used 43576K [0x0000000080000000, 0x0000000100000000)
  region size 1024K, 4 young (4096K), 4 survivors (4096K)
 Metaspace       used 64814K, committed 66560K, reserved 1114112K
  class space    used 9289K, committed 10112K, reserved 1048576K
}
Event: 6.606 GC heap before
{Heap before GC invocations=16 (full 0):
 garbage-first heap   total 100352K, used 88632K [0x0000000080000000, 0x0000000100000000)
  region size 1024K, 48 young (49152K), 4 survivors (4096K)
 Metaspace       used 69789K, committed 71680K, reserved 1114112K
  class space    used 10037K, committed 10944K, reserved 1048576K
}
Event: 6.612 GC heap after
{Heap after GC invocations=17 (full 0):
 garbage-first heap   total 100352K, used 46844K [0x0000000080000000, 0x0000000100000000)
  region size 1024K, 6 young (6144K), 6 survivors (6144K)
 Metaspace       used 69789K, committed 71680K, reserved 1114112K
  class space    used 10037K, committed 10944K, reserved 1048576K
}
Event: 6.893 GC heap before
{Heap before GC invocations=17 (full 0):
 garbage-first heap   total 100352K, used 86780K [0x0000000080000000, 0x0000000100000000)
  region size 1024K, 46 young (47104K), 6 survivors (6144K)
 Metaspace       used 70395K, committed 72320K, reserved 1114112K
  class space    used 10067K, committed 11008K, reserved 1048576K
}
Event: 6.899 GC heap after
{Heap after GC invocations=18 (full 0):
 garbage-first heap   total 100352K, used 51015K [0x0000000080000000, 0x0000000100000000)
  region size 1024K, 4 young (4096K), 4 survivors (4096K)
 Metaspace       used 70395K, committed 72320K, reserved 1114112K
  class space    used 10067K, committed 11008K, reserved 1048576K
}
Event: 7.102 GC heap before
{Heap before GC invocations=18 (full 0):
 garbage-first heap   total 100352K, used 88903K [0x0000000080000000, 0x0000000100000000)
  region size 1024K, 42 young (43008K), 4 survivors (4096K)
 Metaspace       used 70693K, committed 72640K, reserved 1114112K
  class space    used 10067K, committed 11008K, reserved 1048576K
}
Event: 7.106 GC heap after
{Heap after GC invocations=19 (full 0):
 garbage-first heap   total 100352K, used 53420K [0x0000000080000000, 0x0000000100000000)
  region size 1024K, 4 young (4096K), 4 survivors (4096K)
 Metaspace       used 70693K, committed 72640K, reserved 1114112K
  class space    used 10067K, committed 11008K, reserved 1048576K
}
Event: 7.400 GC heap before
{Heap before GC invocations=20 (full 0):
 garbage-first heap   total 100352K, used 87212K [0x0000000080000000, 0x0000000100000000)
  region size 1024K, 38 young (38912K), 4 survivors (4096K)
 Metaspace       used 71066K, committed 73024K, reserved 1114112K
  class space    used 10131K, committed 11072K, reserved 1048576K
}
Event: 7.404 GC heap after
{Heap after GC invocations=21 (full 0):
 garbage-first heap   total 100352K, used 57044K [0x0000000080000000, 0x0000000100000000)
  region size 1024K, 4 young (4096K), 4 survivors (4096K)
 Metaspace       used 71066K, committed 73024K, reserved 1114112K
  class space    used 10131K, committed 11072K, reserved 1048576K
}
Event: 7.952 GC heap before
{Heap before GC invocations=21 (full 0):
 garbage-first heap   total 100352K, used 98004K [0x0000000080000000, 0x0000000100000000)
  region size 1024K, 36 young (36864K), 4 survivors (4096K)
 Metaspace       used 73004K, committed 74944K, reserved 1114112K
  class space    used 10373K, committed 11328K, reserved 1048576K
}

