# JRE version: OpenJDK Runtime Environment (21.0.8) (build 21.0.8+-14196175-b1038.72)
# Java VM: OpenJDK 64-Bit Server VM (21.0.8+-14196175-b1038.72, mixed mode, tiered, compressed oops, compressed class ptrs, g1 gc, windows-amd64)
GC Precious Log:
 CardTable entry size: 512
 Card Set container configuration: InlinePtr #cards 5 size 8 Array Of Cards #cards 12 size 40 Howl #buckets 4 coarsen threshold 1843 Howl Bitmap #cards 512 size 80 coarsen threshold 460 Card regions per heap region 1 cards per card region 2048
 CPUs: 12 total, 12 available
 Memory: 16087M
 Large Page Support: Disabled
 NUMA Support: Disabled
 Compressed Oops: Enabled (32-bit)
 Heap Region Size: 1M
 Heap Min Capacity: 8M
 Heap Initial Capacity: 252M
 Heap Max Capacity: 2G
 Pre-touch: Disabled
 Parallel Workers: 10
 Concurrent Workers: 3
 Concurrent Refinement Workers: 10
 Periodic GC: Disabled
Heap:
 garbage-first heap   total 138240K, used 125950K [0x0000000080000000, 0x0000000100000000)
  region size 1024K, 68 young (69632K), 8 survivors (8192K)
 Metaspace       used 74945K, committed 76928K, reserved 1179648K
  class space    used 10566K, committed 11520K, reserved 1048576K
GC Heap History (20 events):
Event: 4.249 GC heap after
{Heap after GC invocations=8 (full 0):
 garbage-first heap   total 82944K, used 25600K [0x0000000080000000, 0x0000000100000000)
  region size 1024K, 3 young (3072K), 3 survivors (3072K)
 Metaspace       used 35266K, committed 35968K, reserved 1114112K
  class space    used 4691K, committed 5056K, reserved 1048576K
}
Event: 4.788 GC heap before
{Heap before GC invocations=9 (full 0):
 garbage-first heap   total 82944K, used 71680K [0x0000000080000000, 0x0000000100000000)
  region size 1024K, 48 young (49152K), 3 survivors (3072K)
 Metaspace       used 41381K, committed 42560K, reserved 1114112K
  class space    used 5748K, committed 6336K, reserved 1048576K
}
Event: 4.792 GC heap after
{Heap after GC invocations=10 (full 0):
 garbage-first heap   total 82944K, used 27648K [0x0000000080000000, 0x0000000100000000)
  region size 1024K, 5 young (5120K), 5 survivors (5120K)
 Metaspace       used 41381K, committed 42560K, reserved 1114112K
  class space    used 5748K, committed 6336K, reserved 1048576K
}
Event: 5.369 GC heap before
{Heap before GC invocations=10 (full 0):
 garbage-first heap   total 82944K, used 70656K [0x0000000080000000, 0x0000000100000000)
  region size 1024K, 48 young (49152K), 5 survivors (5120K)
 Metaspace       used 48432K, committed 49728K, reserved 1114112K
  class space    used 6720K, committed 7360K, reserved 1048576K
}
Event: 5.375 GC heap after
{Heap after GC invocations=11 (full 0):
 garbage-first heap   total 82944K, used 31075K [0x0000000080000000, 0x0000000100000000)
  region size 1024K, 6 young (6144K), 6 survivors (6144K)
 Metaspace       used 48432K, committed 49728K, reserved 1114112K
  class space    used 6720K, committed 7360K, reserved 1048576K
}
Event: 5.831 GC heap before
{Heap before GC invocations=11 (full 0):
 garbage-first heap   total 82944K, used 71011K [0x0000000080000000, 0x0000000100000000)
  region size 1024K, 45 young (46080K), 6 survivors (6144K)
 Metaspace       used 53397K, committed 54976K, reserved 1114112K
  class space    used 7523K, committed 8256K, reserved 1048576K
}
Event: 5.838 GC heap after
{Heap after GC invocations=12 (full 0):
 garbage-first heap   total 108544K, used 34475K [0x0000000080000000, 0x0000000100000000)
  region size 1024K, 4 young (4096K), 4 survivors (4096K)
 Metaspace       used 53397K, committed 54976K, reserved 1114112K
  class space    used 7523K, committed 8256K, reserved 1048576K
}
Event: 6.366 GC heap before
{Heap before GC invocations=12 (full 0):
 garbage-first heap   total 108544K, used 94891K [0x0000000080000000, 0x0000000100000000)
  region size 1024K, 61 young (62464K), 4 survivors (4096K)
 Metaspace       used 56331K, committed 58048K, reserved 1114112K
  class space    used 7991K, committed 8832K, reserved 1048576K
}
Event: 6.371 GC heap after
{Heap after GC invocations=13 (full 0):
 garbage-first heap   total 108544K, used 41056K [0x0000000080000000, 0x0000000100000000)
  region size 1024K, 8 young (8192K), 8 survivors (8192K)
 Metaspace       used 56331K, committed 58048K, reserved 1114112K
  class space    used 7991K, committed 8832K, reserved 1048576K
}
Event: 6.539 GC heap before
{Heap before GC invocations=13 (full 0):
 garbage-first heap   total 108544K, used 57440K [0x0000000080000000, 0x0000000100000000)
  region size 1024K, 25 young (25600K), 8 survivors (8192K)
 Metaspace       used 58426K, committed 60160K, reserved 1114112K
  class space    used 8306K, committed 9152K, reserved 1048576K
}
Event: 6.543 GC heap after
{Heap after GC invocations=14 (full 0):
 garbage-first heap   total 108544K, used 42016K [0x0000000080000000, 0x0000000100000000)
  region size 1024K, 2 young (2048K), 2 survivors (2048K)
 Metaspace       used 58426K, committed 60160K, reserved 1114112K
  class space    used 8306K, committed 9152K, reserved 1048576K
}
Event: 7.187 GC heap before
{Heap before GC invocations=15 (full 0):
 garbage-first heap   total 108544K, used 95264K [0x0000000080000000, 0x0000000100000000)
  region size 1024K, 54 young (55296K), 2 survivors (2048K)
 Metaspace       used 65909K, committed 67648K, reserved 1114112K
  class space    used 9432K, committed 10240K, reserved 1048576K
}
Event: 7.191 GC heap after
{Heap after GC invocations=16 (full 0):
 garbage-first heap   total 108544K, used 44104K [0x0000000080000000, 0x0000000100000000)
  region size 1024K, 4 young (4096K), 4 survivors (4096K)
 Metaspace       used 65909K, committed 67648K, reserved 1114112K
  class space    used 9432K, committed 10240K, reserved 1048576K
}
Event: 7.958 GC heap before
{Heap before GC invocations=16 (full 0):
 garbage-first heap   total 108544K, used 95304K [0x0000000080000000, 0x0000000100000000)
  region size 1024K, 55 young (56320K), 4 survivors (4096K)
 Metaspace       used 70110K, committed 72064K, reserved 1114112K
  class space    used 10060K, committed 11008K, reserved 1048576K
}
Event: 7.963 GC heap after
{Heap after GC invocations=17 (full 0):
 garbage-first heap   total 108544K, used 48111K [0x0000000080000000, 0x0000000100000000)
  region size 1024K, 7 young (7168K), 7 survivors (7168K)
 Metaspace       used 70110K, committed 72064K, reserved 1114112K
  class space    used 10060K, committed 11008K, reserved 1048576K
}
Event: 8.214 GC heap before
{Heap before GC invocations=17 (full 0):
 garbage-first heap   total 108544K, used 94191K [0x0000000080000000, 0x0000000100000000)
  region size 1024K, 53 young (54272K), 7 survivors (7168K)
 Metaspace       used 70584K, committed 72512K, reserved 1114112K
  class space    used 10060K, committed 11008K, reserved 1048576K
}
Event: 8.220 GC heap after
{Heap after GC invocations=18 (full 0):
 garbage-first heap   total 108544K, used 52275K [0x0000000080000000, 0x0000000100000000)
  region size 1024K, 4 young (4096K), 4 survivors (4096K)
 Metaspace       used 70584K, committed 72512K, reserved 1114112K
  class space    used 10060K, committed 11008K, reserved 1048576K
}
Event: 8.573 GC heap before
{Heap before GC invocations=18 (full 0):
 garbage-first heap   total 108544K, used 97331K [0x0000000080000000, 0x0000000100000000)
  region size 1024K, 48 young (49152K), 4 survivors (4096K)
 Metaspace       used 70882K, committed 72832K, reserved 1114112K
  class space    used 10089K, committed 11008K, reserved 1048576K
}
Event: 8.577 GC heap after
{Heap after GC invocations=19 (full 0):
 garbage-first heap   total 131072K, used 55294K [0x0000000080000000, 0x0000000100000000)
  region size 1024K, 4 young (4096K), 4 survivors (4096K)
 Metaspace       used 70882K, committed 72832K, reserved 1114112K
  class space    used 10089K, committed 11008K, reserved 1048576K
}
Event: 11.789 GC heap before
{Heap before GC invocations=20 (full 0):
 garbage-first heap   total 131072K, used 124926K [0x0000000080000000, 0x0000000100000000)
  region size 1024K, 64 young (65536K), 4 survivors (4096K)
 Metaspace       used 74945K, committed 76928K, reserved 1179648K
  class space    used 10566K, committed 11520K, reserved 1048576K
}

