# JRE version: OpenJDK Runtime Environment (21.0.8) (build 21.0.8+-14196175-b1038.72)
# Java VM: OpenJDK 64-Bit Server VM (21.0.8+-14196175-b1038.72, mixed mode, tiered, compressed oops, compressed class ptrs, g1 gc, windows-amd64)
GC Precious Log:
 CardTable entry size: 512
 Card Set container configuration: InlinePtr #cards 5 size 8 Array Of Cards #cards 12 size 40 Howl #buckets 4 coarsen threshold 1843 Howl Bitmap #cards 512 size 80 coarsen threshold 460 Card regions per heap region 1 cards per card region 2048
 CPUs: 12 total, 12 available
 Memory: 16087M
 Large Page Support: Disabled
 NUMA Support: Disabled
 Compressed Oops: Enabled (32-bit)
 Heap Region Size: 1M
 Heap Min Capacity: 8M
 Heap Initial Capacity: 252M
 Heap Max Capacity: 2G
 Pre-touch: Disabled
 Parallel Workers: 10
 Concurrent Workers: 3
 Concurrent Refinement Workers: 10
 Periodic GC: Disabled
Heap:
 garbage-first heap   total 130048K, used 110015K [0x0000000080000000, 0x0000000100000000)
  region size 1024K, 35 young (35840K), 6 survivors (6144K)
 Metaspace       used 89741K, committed 91712K, reserved 1179648K
  class space    used 12509K, committed 13440K, reserved 1048576K
GC Heap History (20 events):
Event: 6.216 GC heap before
{Heap before GC invocations=14 (full 0):
 garbage-first heap   total 79872K, used 59585K [0x0000000080000000, 0x0000000100000000)
  region size 1024K, 20 young (20480K), 1 survivors (1024K)
 Metaspace       used 58438K, committed 60096K, reserved 1114112K
  class space    used 8299K, committed 9088K, reserved 1048576K
}
Event: 6.218 GC heap after
{Heap after GC invocations=15 (full 0):
 garbage-first heap   total 111616K, used 41628K [0x0000000080000000, 0x0000000100000000)
  region size 1024K, 2 young (2048K), 2 survivors (2048K)
 Metaspace       used 58438K, committed 60096K, reserved 1114112K
  class space    used 8299K, committed 9088K, reserved 1048576K
}
Event: 6.891 GC heap before
{Heap before GC invocations=16 (full 0):
 garbage-first heap   total 111616K, used 94876K [0x0000000080000000, 0x0000000100000000)
  region size 1024K, 54 young (55296K), 2 survivors (2048K)
 Metaspace       used 65928K, committed 67712K, reserved 1114112K
  class space    used 9426K, committed 10240K, reserved 1048576K
}
Event: 6.895 GC heap after
{Heap after GC invocations=17 (full 0):
 garbage-first heap   total 111616K, used 43964K [0x0000000080000000, 0x0000000100000000)
  region size 1024K, 4 young (4096K), 4 survivors (4096K)
 Metaspace       used 65928K, committed 67712K, reserved 1114112K
  class space    used 9426K, committed 10240K, reserved 1048576K
}
Event: 7.779 GC heap before
{Heap before GC invocations=17 (full 0):
 garbage-first heap   total 111616K, used 96188K [0x0000000080000000, 0x0000000100000000)
  region size 1024K, 56 young (57344K), 4 survivors (4096K)
 Metaspace       used 70082K, committed 71936K, reserved 1114112K
  class space    used 10050K, committed 10944K, reserved 1048576K
}
Event: 7.785 GC heap after
{Heap after GC invocations=18 (full 0):
 garbage-first heap   total 111616K, used 48010K [0x0000000080000000, 0x0000000100000000)
  region size 1024K, 7 young (7168K), 7 survivors (7168K)
 Metaspace       used 70082K, committed 71936K, reserved 1114112K
  class space    used 10050K, committed 10944K, reserved 1048576K
}
Event: 8.092 GC heap before
{Heap before GC invocations=18 (full 0):
 garbage-first heap   total 111616K, used 97162K [0x0000000080000000, 0x0000000100000000)
  region size 1024K, 56 young (57344K), 7 survivors (7168K)
 Metaspace       used 70596K, committed 72448K, reserved 1114112K
  class space    used 10051K, committed 10944K, reserved 1048576K
}
Event: 8.099 GC heap after
{Heap after GC invocations=19 (full 0):
 garbage-first heap   total 111616K, used 52100K [0x0000000080000000, 0x0000000100000000)
  region size 1024K, 4 young (4096K), 4 survivors (4096K)
 Metaspace       used 70596K, committed 72448K, reserved 1114112K
  class space    used 10051K, committed 10944K, reserved 1048576K
}
Event: 8.751 GC heap before
{Heap before GC invocations=19 (full 0):
 garbage-first heap   total 111616K, used 100228K [0x0000000080000000, 0x0000000100000000)
  region size 1024K, 51 young (52224K), 4 survivors (4096K)
 Metaspace       used 71080K, committed 73024K, reserved 1114112K
  class space    used 10113K, committed 11072K, reserved 1048576K
}
Event: 8.756 GC heap after
{Heap after GC invocations=20 (full 0):
 garbage-first heap   total 111616K, used 55830K [0x0000000080000000, 0x0000000100000000)
  region size 1024K, 7 young (7168K), 7 survivors (7168K)
 Metaspace       used 71080K, committed 73024K, reserved 1114112K
  class space    used 10113K, committed 11072K, reserved 1048576K
}
Event: 9.471 GC heap before
{Heap before GC invocations=21 (full 0):
 garbage-first heap   total 111616K, used 106006K [0x0000000080000000, 0x0000000100000000)
  region size 1024K, 48 young (49152K), 7 survivors (7168K)
 Metaspace       used 73693K, committed 75584K, reserved 1114112K
  class space    used 10446K, committed 11392K, reserved 1048576K
}
Event: 9.477 GC heap after
{Heap after GC invocations=22 (full 0):
 garbage-first heap   total 122880K, used 72062K [0x0000000080000000, 0x0000000100000000)
  region size 1024K, 6 young (6144K), 6 survivors (6144K)
 Metaspace       used 73693K, committed 75584K, reserved 1114112K
  class space    used 10446K, committed 11392K, reserved 1048576K
}
Event: 10.472 GC heap before
{Heap before GC invocations=22 (full 0):
 garbage-first heap   total 122880K, used 108926K [0x0000000080000000, 0x0000000100000000)
  region size 1024K, 42 young (43008K), 6 survivors (6144K)
 Metaspace       used 77928K, committed 79872K, reserved 1179648K
  class space    used 10860K, committed 11776K, reserved 1048576K
}
Event: 10.475 GC heap after
{Heap after GC invocations=23 (full 0):
 garbage-first heap   total 122880K, used 72090K [0x0000000080000000, 0x0000000100000000)
  region size 1024K, 2 young (2048K), 2 survivors (2048K)
 Metaspace       used 77928K, committed 79872K, reserved 1179648K
  class space    used 10860K, committed 11776K, reserved 1048576K
}
Event: 10.917 GC heap before
{Heap before GC invocations=23 (full 0):
 garbage-first heap   total 122880K, used 95642K [0x0000000080000000, 0x0000000100000000)
  region size 1024K, 26 young (26624K), 2 survivors (2048K)
 Metaspace       used 80567K, committed 82560K, reserved 1179648K
  class space    used 11276K, committed 12224K, reserved 1048576K
}
Event: 10.922 GC heap after
{Heap after GC invocations=24 (full 0):
 garbage-first heap   total 122880K, used 73024K [0x0000000080000000, 0x0000000100000000)
  region size 1024K, 2 young (2048K), 2 survivors (2048K)
 Metaspace       used 80567K, committed 82560K, reserved 1179648K
  class space    used 11276K, committed 12224K, reserved 1048576K
}
Event: 12.105 GC heap before
{Heap before GC invocations=25 (full 0):
 garbage-first heap   total 126976K, used 113984K [0x0000000080000000, 0x0000000100000000)
  region size 1024K, 40 young (40960K), 2 survivors (2048K)
 Metaspace       used 84672K, committed 86656K, reserved 1179648K
  class space    used 11836K, committed 12800K, reserved 1048576K
}
Event: 12.109 GC heap after
{Heap after GC invocations=26 (full 0):
 garbage-first heap   total 126976K, used 76986K [0x0000000080000000, 0x0000000100000000)
  region size 1024K, 4 young (4096K), 4 survivors (4096K)
 Metaspace       used 84672K, committed 86656K, reserved 1179648K
  class space    used 11836K, committed 12800K, reserved 1048576K
}
Event: 12.582 GC heap before
{Heap before GC invocations=26 (full 0):
 garbage-first heap   total 126976K, used 119994K [0x0000000080000000, 0x0000000100000000)
  region size 1024K, 41 young (41984K), 4 survivors (4096K)
 Metaspace       used 87425K, committed 89408K, reserved 1179648K
  class space    used 12226K, committed 13184K, reserved 1048576K
}
Event: 12.587 GC heap after
{Heap after GC invocations=27 (full 0):
 garbage-first heap   total 130048K, used 81343K [0x0000000080000000, 0x0000000100000000)
  region size 1024K, 6 young (6144K), 6 survivors (6144K)
 Metaspace       used 87425K, committed 89408K, reserved 1179648K
  class space    used 12226K, committed 13184K, reserved 1048576K
}

