# JRE version: OpenJDK Runtime Environment (21.0.8) (build 21.0.8+-14196175-b1038.72)
# Java VM: OpenJDK 64-Bit Server VM (21.0.8+-14196175-b1038.72, mixed mode, tiered, compressed oops, compressed class ptrs, g1 gc, windows-amd64)
GC Precious Log:
 CardTable entry size: 512
 Card Set container configuration: InlinePtr #cards 5 size 8 Array Of Cards #cards 12 size 40 Howl #buckets 4 coarsen threshold 1843 Howl Bitmap #cards 512 size 80 coarsen threshold 460 Card regions per heap region 1 cards per card region 2048
 CPUs: 12 total, 12 available
 Memory: 16087M
 Large Page Support: Disabled
 NUMA Support: Disabled
 Compressed Oops: Enabled (32-bit)
 Heap Region Size: 1M
 Heap Min Capacity: 8M
 Heap Initial Capacity: 252M
 Heap Max Capacity: 2G
 Pre-touch: Disabled
 Parallel Workers: 10
 Concurrent Workers: 3
 Concurrent Refinement Workers: 10
 Periodic GC: Disabled
Heap:
 garbage-first heap   total 119808K, used 76676K [0x0000000080000000, 0x0000000100000000)
  region size 1024K, 5 young (5120K), 3 survivors (3072K)
 Metaspace       used 80698K, committed 82752K, reserved 1179648K
  class space    used 11298K, committed 12288K, reserved 1048576K
GC Heap History (20 events):
Event: 4.971 GC heap before
{Heap before GC invocations=11 (full 0):
 garbage-first heap   total 71680K, used 60851K [0x0000000080000000, 0x0000000100000000)
  region size 1024K, 36 young (36864K), 4 survivors (4096K)
 Metaspace       used 49723K, committed 51200K, reserved 1114112K
  class space    used 6910K, committed 7616K, reserved 1048576K
}
Event: 4.983 GC heap after
{Heap after GC invocations=12 (full 0):
 garbage-first heap   total 109568K, used 32768K [0x0000000080000000, 0x0000000100000000)
  region size 1024K, 5 young (5120K), 5 survivors (5120K)
 Metaspace       used 49723K, committed 51200K, reserved 1114112K
  class space    used 6910K, committed 7616K, reserved 1048576K
}
Event: 7.674 GC heap before
{Heap before GC invocations=12 (full 0):
 garbage-first heap   total 109568K, used 95232K [0x0000000080000000, 0x0000000100000000)
  region size 1024K, 64 young (65536K), 5 survivors (5120K)
 Metaspace       used 56088K, committed 57728K, reserved 1114112K
  class space    used 7960K, committed 8768K, reserved 1048576K
}
Event: 7.690 GC heap after
{Heap after GC invocations=13 (full 0):
 garbage-first heap   total 109568K, used 40352K [0x0000000080000000, 0x0000000100000000)
  region size 1024K, 8 young (8192K), 8 survivors (8192K)
 Metaspace       used 56088K, committed 57728K, reserved 1114112K
  class space    used 7960K, committed 8768K, reserved 1048576K
}
Event: 8.550 GC heap before
{Heap before GC invocations=13 (full 0):
 garbage-first heap   total 109568K, used 83360K [0x0000000080000000, 0x0000000100000000)
  region size 1024K, 51 young (52224K), 8 survivors (8192K)
 Metaspace       used 58384K, committed 60096K, reserved 1114112K
  class space    used 8308K, committed 9152K, reserved 1048576K
}
Event: 8.573 GC heap after
{Heap after GC invocations=14 (full 0):
 garbage-first heap   total 109568K, used 42457K [0x0000000080000000, 0x0000000100000000)
  region size 1024K, 2 young (2048K), 2 survivors (2048K)
 Metaspace       used 58384K, committed 60096K, reserved 1114112K
  class space    used 8308K, committed 9152K, reserved 1048576K
}
Event: 10.716 GC heap before
{Heap before GC invocations=15 (full 0):
 garbage-first heap   total 109568K, used 96729K [0x0000000080000000, 0x0000000100000000)
  region size 1024K, 55 young (56320K), 2 survivors (2048K)
 Metaspace       used 65984K, committed 67776K, reserved 1114112K
  class space    used 9449K, committed 10304K, reserved 1048576K
}
Event: 10.724 GC heap after
{Heap after GC invocations=16 (full 0):
 garbage-first heap   total 109568K, used 44425K [0x0000000080000000, 0x0000000100000000)
  region size 1024K, 4 young (4096K), 4 survivors (4096K)
 Metaspace       used 65984K, committed 67776K, reserved 1114112K
  class space    used 9449K, committed 10304K, reserved 1048576K
}
Event: 13.231 GC heap before
{Heap before GC invocations=16 (full 0):
 garbage-first heap   total 109568K, used 96649K [0x0000000080000000, 0x0000000100000000)
  region size 1024K, 56 young (57344K), 4 survivors (4096K)
 Metaspace       used 70187K, committed 72000K, reserved 1114112K
  class space    used 10066K, committed 10944K, reserved 1048576K
}
Event: 13.246 GC heap after
{Heap after GC invocations=17 (full 0):
 garbage-first heap   total 109568K, used 48714K [0x0000000080000000, 0x0000000100000000)
  region size 1024K, 7 young (7168K), 7 survivors (7168K)
 Metaspace       used 70187K, committed 72000K, reserved 1114112K
  class space    used 10066K, committed 10944K, reserved 1048576K
}
Event: 14.245 GC heap before
{Heap before GC invocations=17 (full 0):
 garbage-first heap   total 109568K, used 94794K [0x0000000080000000, 0x0000000100000000)
  region size 1024K, 53 young (54272K), 7 survivors (7168K)
 Metaspace       used 70726K, committed 72576K, reserved 1114112K
  class space    used 10067K, committed 10944K, reserved 1048576K
}
Event: 14.261 GC heap after
{Heap after GC invocations=18 (full 0):
 garbage-first heap   total 109568K, used 52589K [0x0000000080000000, 0x0000000100000000)
  region size 1024K, 4 young (4096K), 4 survivors (4096K)
 Metaspace       used 70726K, committed 72576K, reserved 1114112K
  class space    used 10067K, committed 10944K, reserved 1048576K
}
Event: 15.161 GC heap before
{Heap before GC invocations=18 (full 0):
 garbage-first heap   total 109568K, used 97645K [0x0000000080000000, 0x0000000100000000)
  region size 1024K, 49 young (50176K), 4 survivors (4096K)
 Metaspace       used 71054K, committed 72960K, reserved 1114112K
  class space    used 10113K, committed 11008K, reserved 1048576K
}
Event: 15.174 GC heap after
{Heap after GC invocations=19 (full 0):
 garbage-first heap   total 109568K, used 56429K [0x0000000080000000, 0x0000000100000000)
  region size 1024K, 7 young (7168K), 7 survivors (7168K)
 Metaspace       used 71054K, committed 72960K, reserved 1114112K
  class space    used 10113K, committed 11008K, reserved 1048576K
}
Event: 16.532 GC heap before
{Heap before GC invocations=20 (full 0):
 garbage-first heap   total 109568K, used 103533K [0x0000000080000000, 0x0000000100000000)
  region size 1024K, 45 young (46080K), 7 survivors (7168K)
 Metaspace       used 73138K, committed 75072K, reserved 1114112K
  class space    used 10380K, committed 11328K, reserved 1048576K
}
Event: 16.555 GC heap after
{Heap after GC invocations=21 (full 0):
 garbage-first heap   total 119808K, used 71796K [0x0000000080000000, 0x0000000100000000)
  region size 1024K, 6 young (6144K), 6 survivors (6144K)
 Metaspace       used 73138K, committed 75072K, reserved 1114112K
  class space    used 10380K, committed 11328K, reserved 1048576K
}
Event: 17.631 GC heap before
{Heap before GC invocations=21 (full 0):
 garbage-first heap   total 119808K, used 105588K [0x0000000080000000, 0x0000000100000000)
  region size 1024K, 39 young (39936K), 6 survivors (6144K)
 Metaspace       used 76795K, committed 78720K, reserved 1179648K
  class space    used 10782K, committed 11712K, reserved 1048576K
}
Event: 17.638 GC heap after
{Heap after GC invocations=22 (full 0):
 garbage-first heap   total 119808K, used 72338K [0x0000000080000000, 0x0000000100000000)
  region size 1024K, 1 young (1024K), 1 survivors (1024K)
 Metaspace       used 76795K, committed 78720K, reserved 1179648K
  class space    used 10782K, committed 11712K, reserved 1048576K
}
Event: 18.877 GC heap before
{Heap before GC invocations=22 (full 0):
 garbage-first heap   total 119808K, used 105106K [0x0000000080000000, 0x0000000100000000)
  region size 1024K, 34 young (34816K), 1 survivors (1024K)
 Metaspace       used 80605K, committed 82624K, reserved 1179648K
  class space    used 11288K, committed 12288K, reserved 1048576K
}
Event: 18.887 GC heap after
{Heap after GC invocations=23 (full 0):
 garbage-first heap   total 119808K, used 73604K [0x0000000080000000, 0x0000000100000000)
  region size 1024K, 3 young (3072K), 3 survivors (3072K)
 Metaspace       used 80605K, committed 82624K, reserved 1179648K
  class space    used 11288K, committed 12288K, reserved 1048576K
}

